ERROR: ld.so: object '/home/alex/.steam/debian-installation/ubuntu12_32/gameoverlayrenderer.so' from LD_PRELOAD cannot be preloaded (wrong ELF class: ELFCLASS32): ignored.
Setting breakpad minidump AppID = 367450
Steam_SetMinidumpSteamID:  Caching Steam ID:  76561198355620899 [API loaded no]
ERROR: ld.so: object '/home/alex/.steam/debian-installation/ubuntu12_32/gameoverlayrenderer.so' from LD_PRELOAD cannot be preloaded (wrong ELF class: ELFCLASS32): ignored.
reate_context_no_error GLX_ARB_create_context_profile GLX_ARB_create_context_robustness GLX_ARB_fbconfig_float GLX_ARB_framebuffer_sRGB GLX_ARB_get_proc_address GLX_ARB_multisample GLX_EXT_buffer_age GLX_EXT_create_context_es2_profile GLX_EXT_create_context_es_profile GLX_EXT_fbconfig_packed_float GLX_EXT_framebuffer_sRGB GLX_EXT_no_config_context GLX_EXT_swap_control GLX_EXT_swap_control_tear GLX_EXT_texture_from_pixmap GLX_EXT_visual_info GLX_EXT_visual_rating GLX_INTEL_swap_event GLX_MESA_copy_sub_buffer GLX_MESA_query_renderer GLX_MESA_swap_control GLX_OML_swap_method GLX_OML_sync_control GLX_SGIS_multisample GLX_SGIX_fbconfig GLX_SGIX_pbuffer GLX_SGIX_visual_select_group GLX_SGI_make_current_read GLX_SGI_swap_control GLX_SGI_video_sync 
Setting maxVSyncInterval to 4
Renderer: AMD Radeon Vega 8 Graphics (raven, LLVM 14.0.0, DRM 3.48, 6.0.12-76060006-generic)
Vendor:   AMD
Version:  4.6 (Core Profile) Mesa 22.2.0
GLES:     0
 GL_AMD_conservative_depth GL_AMD_depth_clamp_separate GL_AMD_draw_buffers_blend GL_AMD_framebuffer_multisample_advanced GL_AMD_gpu_shader_int64 GL_AMD_multi_draw_indirect GL_AMD_performance_monitor GL_AMD_pinned_memory GL_AMD_query_buffer_object GL_AMD_seamless_cubemap_per_texture GL_AMD_shader_stencil_export GL_AMD_shader_trinary_minmax GL_AMD_texture_texture4 GL_AMD_vertex_shader_layer GL_AMD_vertex_shader_viewport_index GL_ANGLE_texture_compression_dxt3 GL_ANGLE_texture_compression_dxt5 GL_ARB_ES2_compatibility GL_ARB_ES3_1_compatibility GL_ARB_ES3_2_compatibility GL_ARB_ES3_compatibility GL_ARB_arrays_of_arrays GL_ARB_base_instance GL_ARB_bindless_texture GL_ARB_blend_func_extended GL_ARB_buffer_storage GL_ARB_clear_buffer_object GL_ARB_clear_texture GL_ARB_clip_control GL_ARB_color_buffer_float GL_ARB_compressed_texture_pixel_storage GL_ARB_compute_shader GL_ARB_compute_variable_group_size GL_ARB_conditional_render_inverted GL_ARB_conservative_depth GL_ARB_copy_buffer GL_ARB_copy_image GL_ARB_cull_dist
ance GL_ARB_debug_output GL_ARB_depth_buffer_float GL_ARB_depth_clamp GL_ARB_derivative_control GL_ARB_direct_state_access GL_ARB_draw_buffers GL_ARB_draw_buffers_blend GL_ARB_draw_elements_base_vertex GL_ARB_draw_indirect GL_ARB_draw_instanced GL_ARB_enhanced_layouts GL_ARB_explicit_attrib_location GL_ARB_explicit_uniform_location GL_ARB_fragment_coord_conventions GL_ARB_fragment_layer_viewport GL_ARB_fragment_shader GL_ARB_framebuffer_no_attachments GL_ARB_framebuffer_object GL_ARB_framebuffer_sRGB GL_ARB_get_program_binary GL_ARB_get_texture_sub_image GL_ARB_gl_spirv GL_ARB_gpu_shader5 GL_ARB_gpu_shader_fp64 GL_ARB_gpu_shader_int64 GL_ARB_half_float_pixel GL_ARB_half_float_vertex GL_ARB_indirect_parameters GL_ARB_instanced_arrays GL_ARB_internalformat_query GL_ARB_internalformat_query2 GL_ARB_invalidate_subdata GL_ARB_map_buffer_alignment GL_ARB_map_buffer_range GL_ARB_multi_bind GL_ARB_multi_draw_indirect GL_ARB_occlusion_query2 GL_ARB_parallel_shader_compile GL_ARB_pipeline_statistics_query GL_ARB_pixel
_buffer_object GL_ARB_point_sprite GL_ARB_polygon_offset_clamp GL_ARB_program_interface_query GL_ARB_provoking_vertex GL_ARB_query_buffer_object GL_ARB_robust_buffer_access_behavior GL_ARB_robustness GL_ARB_sample_shading GL_ARB_sampler_objects GL_ARB_seamless_cube_map GL_ARB_seamless_cubemap_per_texture GL_ARB_separate_shader_objects GL_ARB_shader_atomic_counter_ops GL_ARB_shader_atomic_counters GL_ARB_shader_ballot GL_ARB_shader_bit_encoding GL_ARB_shader_clock GL_ARB_shader_draw_parameters GL_ARB_shader_group_vote GL_ARB_shader_image_load_store GL_ARB_shader_image_size GL_ARB_shader_objects GL_ARB_shader_precision GL_ARB_shader_stencil_export GL_ARB_shader_storage_buffer_object GL_ARB_shader_subroutine GL_ARB_shader_texture_image_samples GL_ARB_shader_texture_lod GL_ARB_shader_viewport_layer_array GL_ARB_shading_language_420pack GL_ARB_shading_language_include GL_ARB_shading_language_packing GL_ARB_sparse_buffer GL_ARB_sparse_texture GL_ARB_sparse_texture2 GL_ARB_sparse_texture_clamp GL_ARB_spirv_extensio
ns GL_ARB_stencil_texturing GL_ARB_sync GL_ARB_tessellation_shader GL_ARB_texture_barrier GL_ARB_texture_buffer_object GL_ARB_texture_buffer_object_rgb32 GL_ARB_texture_buffer_range GL_ARB_texture_compression_bptc GL_ARB_texture_compression_rgtc GL_ARB_texture_cube_map_array GL_ARB_texture_filter_anisotropic GL_ARB_texture_float GL_ARB_texture_gather GL_ARB_texture_mirror_clamp_to_edge GL_ARB_texture_multisample GL_ARB_texture_non_power_of_two GL_ARB_texture_query_levels GL_ARB_texture_query_lod GL_ARB_texture_rectangle GL_ARB_texture_rg GL_ARB_texture_rgb10_a2ui GL_ARB_texture_stencil8 GL_ARB_texture_storage GL_ARB_texture_storage_multisample GL_ARB_texture_swizzle GL_ARB_texture_view GL_ARB_timer_query GL_ARB_transform_feedback2 GL_ARB_transform_feedback3 GL_ARB_transform_feedback_instanced GL_ARB_transform_feedback_overflow_query GL_ARB_uniform_buffer_object GL_ARB_vertex_array_bgra GL_ARB_vertex_array_object GL_ARB_vertex_attrib_64bit GL_ARB_vertex_attrib_binding GL_ARB_vertex_buffer_object GL_ARB_vertex
_shader GL_ARB_vertex_type_10f_11f_11f_rev GL_ARB_vertex_type_2_10_10_10_rev GL_ARB_viewport_array GL_ATI_blend_equation_separate GL_ATI_meminfo GL_ATI_texture_float GL_ATI_texture_mirror_once GL_EXT_EGL_image_storage GL_EXT_EGL_sync GL_EXT_abgr GL_EXT_blend_equation_separate GL_EXT_demote_to_helper_invocation GL_EXT_depth_bounds_test GL_EXT_draw_buffers2 GL_EXT_draw_instanced GL_EXT_framebuffer_blit GL_EXT_framebuffer_multisample GL_EXT_framebuffer_multisample_blit_scaled GL_EXT_framebuffer_object GL_EXT_framebuffer_sRGB GL_EXT_memory_object GL_EXT_memory_object_fd GL_EXT_packed_depth_stencil GL_EXT_packed_float GL_EXT_pixel_buffer_object GL_EXT_polygon_offset_clamp GL_EXT_provoking_vertex GL_EXT_semaphore GL_EXT_semaphore_fd GL_EXT_shader_image_load_formatted GL_EXT_shader_image_load_store GL_EXT_shader_integer_mix GL_EXT_shader_samples_identical GL_EXT_texture_array GL_EXT_texture_compression_dxt1 GL_EXT_texture_compression_rgtc GL_EXT_texture_compression_s3tc GL_EXT_texture_filter_anisotropic GL_EXT_text
ure_integer GL_EXT_texture_mirror_clamp GL_EXT_texture_sRGB GL_EXT_texture_sRGB_R8 GL_EXT_texture_sRGB_decode GL_EXT_texture_shadow_lod GL_EXT_texture_shared_exponent GL_EXT_texture_snorm GL_EXT_texture_swizzle GL_EXT_timer_query GL_EXT_transform_feedback GL_EXT_vertex_array_bgra GL_EXT_vertex_attrib_64bit GL_EXT_window_rectangles GL_IBM_multimode_draw_arrays GL_INTEL_blackhole_render GL_KHR_blend_equation_advanced GL_KHR_context_flush_control GL_KHR_debug GL_KHR_no_error GL_KHR_parallel_shader_compile GL_KHR_robust_buffer_access_behavior GL_KHR_robustness GL_KHR_texture_compression_astc_ldr GL_KHR_texture_compression_astc_sliced_3d GL_MESA_framebuffer_flip_y GL_MESA_pack_invert GL_MESA_shader_integer_functions GL_MESA_texture_signed_rgba GL_NVX_gpu_memory_info GL_NV_alpha_to_coverage_dither_control GL_NV_compute_shader_derivatives GL_NV_conditional_render GL_NV_copy_image GL_NV_depth_clamp GL_NV_packed_depth_stencil GL_NV_shader_atomic_int64 GL_NV_texture_barrier GL_NV_vdpau_interop GL_OES_EGL_image GL_S3_s
3tc
OPENGL LOG: Creating OpenGL 4.6 graphics device
AudioManager: Using PulseAudio: Default Output Device
Begin MonoManager ReloadAssembly
Platform assembly: /media/drive2/SteamLibrary/steamapps/common/Poly Bridge/polybridge_Data/Managed/UnityEngine.dll (this message is harmless)
Loading /media/drive2/SteamLibrary/steamapps/common/Poly Bridge/polybridge_Data/Managed/UnityEngine.dll into Unity Child Domain
Platform assembly: /media/drive2/SteamLibrary/steamapps/common/Poly Bridge/polybridge_Data/Managed/Assembly-CSharp-firstpass.dll (this message is harmless)
Loading /media/drive2/SteamLibrary/steamapps/common/Poly Bridge/polybridge_Data/Managed/Assembly-CSharp-firstpass.dll into Unity Child Domain
Platform assembly: /media/drive2/SteamLibrary/steamapps/common/Poly Bridge/polybridge_Data/Managed/Assembly-CSharp.dll (this message is harmless)
Loading /media/drive2/SteamLibrary/steamapps/common/Poly Bridge/polybridge_Data/Managed/Assembly-CSharp.dll into Unity Child Domain
Platform assembly: /media/drive2/SteamLibrary/steamapps/common/Poly Bridge/polybridge_Data/Managed/Assembly-UnityScript-firstpass.dll (this message is harmless)
Loading /media/drive2/SteamLibrary/steamapps/common/Poly Bridge/polybridge_Data/Managed/Assembly-UnityScript-firstpass.dll into Unity Child Domain
Platform assembly: /media/drive2/SteamLibrary/steamapps/common/Poly Bridge/polybridge_Data/Managed/UnityEngine.UI.dll (this message is harmless)
Loading /media/drive2/SteamLibrary/steamapps/common/Poly Bridge/polybridge_Data/Managed/UnityEngine.UI.dll into Unity Child Domain
Platform assembly: /media/drive2/SteamLibrary/steamapps/common/Poly Bridge/polybridge_Data/Managed/UnityEngine.Networking.dll (this message is harmless)
Loading /media/drive2/SteamLibrary/steamapps/common/Poly Bridge/polybridge_Data/Managed/UnityEngine.Networking.dll into Unity Child Domain
Platform assembly: /media/drive2/SteamLibrary/steamapps/common/Poly Bridge/polybridge_Data/Managed/Gif2Textures.dll (this message is harmless)
Loading /media/drive2/SteamLibrary/steamapps/common/Poly Bridge/polybridge_Data/Managed/Gif2Textures.dll into Unity Child Domain
Platform assembly: /media/drive2/SteamLibrary/steamapps/common/Poly Bridge/polybridge_Data/Managed/ArabicSupport.dll (this message is harmless)
Loading /media/drive2/SteamLibrary/steamapps/common/Poly Bridge/polybridge_Data/Managed/ArabicSupport.dll into Unity Child Domain
Platform assembly: /media/drive2/SteamLibrary/steamapps/common/Poly Bridge/polybridge_Data/Managed/SampleClassLibrary.dll (this message is harmless)
Loading /media/drive2/SteamLibrary/steamapps/common/Poly Bridge/polybridge_Data/Managed/SampleClassLibrary.dll into Unity Child Domain
Platform assembly: /media/drive2/SteamLibrary/steamapps/common/Poly Bridge/polybridge_Data/Managed/Poly2Tri.dll (this message is harmless)
Loading /media/drive2/SteamLibrary/steamapps/common/Poly Bridge/polybridge_Data/Managed/Poly2Tri.dll into Unity Child Domain
Platform assembly: /media/drive2/SteamLibrary/steamapps/common/Poly Bridge/polybridge_Data/Managed/websocket-sharp.dll (this message is harmless)
Loading /media/drive2/SteamLibrary/steamapps/common/Poly Bridge/polybridge_Data/Managed/websocket-sharp.dll into Unity Child Domain
Platform assembly: /media/drive2/SteamLibrary/steamapps/common/Poly Bridge/polybridge_Data/Managed/DOTween.dll (this message is harmless)
Loading /media/drive2/SteamLibrary/steamapps/common/Poly Bridge/polybridge_Data/Managed/DOTween.dll into Unity Child Domain
Platform assembly: /media/drive2/SteamLibrary/steamapps/common/Poly Bridge/polybridge_Data/Managed/DOTween43.dll (this message is harmless)
Loading /media/drive2/SteamLibrary/steamapps/common/Poly Bridge/polybridge_Data/Managed/DOTween43.dll into Unity Child Domain
Platform assembly: /media/drive2/SteamLibrary/steamapps/common/Poly Bridge/polybridge_Data/Managed/DOTween46.dll (this message is harmless)
Loading /media/drive2/SteamLibrary/steamapps/common/Poly Bridge/polybridge_Data/Managed/DOTween46.dll into Unity Child Domain
Platform assembly: /media/drive2/SteamLibrary/steamapps/common/Poly Bridge/polybridge_Data/Managed/UnityEngine.CrashLog.dll (this message is harmless)
Loading /media/drive2/SteamLibrary/steamapps/common/Poly Bridge/polybridge_Data/Managed/UnityEngine.CrashLog.dll into Unity Child Domain
Platform assembly: /media/drive2/SteamLibrary/steamapps/common/Poly Bridge/polybridge_Data/Managed/Vectrosity.dll (this message is harmless)
Loading /media/drive2/SteamLibrary/steamapps/common/Poly Bridge/polybridge_Data/Managed/Vectrosity.dll into Unity Child Domain
- Completed reload, in  0.337 seconds
Platform assembly: /media/drive2/SteamLibrary/steamapps/common/Poly Bridge/polybridge_Data/Managed/System.Core.dll (this message is harmless)
Platform assembly: /media/drive2/SteamLibrary/steamapps/common/Poly Bridge/polybridge_Data/Managed/System.dll (this message is harmless)
Default vsync count 1
requesting resize -1 x -1
Using native desktop resolution 3840 x 1080
requesting fullscreen 3840 x 1080 at 0 Hz
Desktop is 3840 x 1080 @ 60 Hz
Using libudev for joystick management


Importing game controller configs
Found /dev/input/event9
input-remapper gamepad: Mapping b0.0 to b0
input-remapper gamepad: Mapping b1.0 to b1
input-remapper gamepad: Mapping b3.0 to b2
input-remapper gamepad: Mapping b4.0 to b3
input-remapper gamepad: Mapping b10.0 to b6
input-remapper gamepad: Mapping b12.0 to b8
input-remapper gamepad: Mapping b11.0 to b7
input-remapper gamepad: Mapping b13.0 to b9
input-remapper gamepad: Mapping b14.0 to b10
input-remapper gamepad: Mapping b6.0 to b4
input-remapper gamepad: Mapping b7.0 to b5
input-remapper gamepad: Mapping h0.1 to a7
input-remapper gamepad: Mapping h0.4 to a7
input-remapper gamepad: Mapping h0.8 to a6
input-remapper gamepad: Mapping h0.2 to a6
input-remapper gamepad: Mapping a0.0 to a0
input-remapper gamepad: Mapping a1.0 to a1
input-remapper gamepad: Mapping a3.0 to a3
input-remapper gamepad: Mapping a4.0 to a4
input-remapper gamepad: Mapping a2.0 to a2
input-remapper gamepad: Mapping a5.0 to a5
Unknown mapping for 'crc': skipping
Unknown mapping for 'platform': skipping
Assigning joystick 1
UnloadTime: 1.781000 ms
Changing real window size to 1920 x 1011
Changing real window size to 1920 x 1011
Changing real window size to 1920 x 1011
Changing real window size to 1920 x 1080
Setting up 2 worker threads for Enlighten.
  Thread -> id: 7f6f11ffb640 -> priority: 1 
  Thread -> id: 7f6f117fa640 -> priority: 1 
Unloading 6 Unused Serialized files (Serialized files now loaded: 0)
UnloadTime: 8.061000 ms
VRAM: 1024
 
(Filename: /home/builduser/buildslave/unity/build/artifacts/generated/common/runtime/UnityEngineDebugBindings.gen.cpp Line: 37)

Displays count: 2
 
(Filename: /home/builduser/buildslave/unity/build/artifacts/generated/common/runtime/UnityEngineDebugBindings.gen.cpp Line: 37)

Loading up build 1.0.5
 
(Filename: /home/builduser/buildslave/unity/build/artifacts/generated/common/runtime/UnityEngineDebugBindings.gen.cpp Line: 37)

Current 3840x1080 : True
 
(Filename: /home/builduser/buildslave/unity/build/artifacts/generated/common/runtime/UnityEngineDebugBindings.gen.cpp Line: 37)

Command line arg: /media/drive2/SteamLibrary/steamapps/common/Poly Bridge/polybridge.x86_64
 
(Filename: /home/builduser/buildslave/unity/build/artifacts/generated/common/runtime/UnityEngineDebugBindings.gen.cpp Line: 37)

awake levelmanager
 
(Filename: /home/builduser/buildslave/unity/build/artifacts/generated/common/runtime/UnityEngineDebugBindings.gen.cpp Line: 37)


Unloading 7 unused Assets to reduce memory usage. Loaded Objects now: 9631.
Total: 21.179001 ms (FindLiveObjects: 1.052000 ms CreateObjectMapping: 0.829000 ms MarkObjects: 19.190001 ms  DeleteObjects: 0.100000 ms)

Unloading 1 Unused Serialized files (Serialized files now loaded: 0)

Unloading 0 unused Assets to reduce memory usage. Loaded Objects now: 9631.
Total: 19.299000 ms (FindLiveObjects: 0.630000 ms CreateObjectMapping: 0.199000 ms MarkObjects: 18.441999 ms  DeleteObjects: 0.020000 ms)

Start progress manager
 
(Filename: /home/builduser/buildslave/unity/build/artifacts/generated/common/runtime/UnityEngineDebugBindings.gen.cpp Line: 37)

Platform assembly: /media/drive2/SteamLibrary/steamapps/common/Poly Bridge/polybridge_Data/Managed/System.Xml.dll (this message is harmless)
Creating progress container from file: UserProgressContainer
 
(Filename: /home/builduser/buildslave/unity/build/artifacts/generated/common/runtime/UnityEngineDebugBindings.gen.cpp Line: 37)

Checking for legacy save files to upgrade
 
(Filename: /home/builduser/buildslave/unity/build/artifacts/generated/common/runtime/UnityEngineDebugBindings.gen.cpp Line: 37)

loading bundled stats
 
(Filename: /home/builduser/buildslave/unity/build/artifacts/generated/common/runtime/UnityEngineDebugBindings.gen.cpp Line: 37)

1920 : 1080 : True
 
(Filename: /home/builduser/buildslave/unity/build/artifacts/generated/common/runtime/UnityEngineDebugBindings.gen.cpp Line: 37)

requestig stats
 
(Filename: /home/builduser/buildslave/unity/build/artifacts/generated/common/runtime/UnityEngineDebugBindings.gen.cpp Line: 37)

requesting resize 1920 x 1080
Using native desktop resolution 3840 x 1080
Clamping fullscreen resolution to 1920 x 1080

Selecting FBConfig
GLX_FBCONFIG_ID=394
GLX_BUFFER_SIZE=32
GLX_DOUBLEBUFFER=1
GLX_RED_SIZE=8
GLX_GREEN_SIZE=8
GLX_BLUE_SIZE=8
GLX_ALPHA_SIZE=8
GLX_DEPTH_SIZE=24
GLX_STENCIL_SIZE=8
GLX_SAMPLES_ARB=8
GLX_SAMPLE_BUFFERS_ARB=1
GLX_STEREO=0
GLX_CONFIG_CAVEAT=NONE

requesting fullscreen 1920 x 1080 at 60 Hz
Desktop is 3840 x 1080 @ 60 Hz
Changing real window size to 1920 x 1043
Changing real window size to 1920 x 1043
loading mainmenu
 
(Filename: /home/builduser/buildslave/unity/build/artifacts/generated/common/runtime/UnityEngineDebugBindings.gen.cpp Line: 37)

Changing real window size to 1920 x 1080
Unloading 6 Unused Serialized files (Serialized files now loaded: 0)
UnloadTime: 3.875000 ms
Awake World
 
(Filename: /home/builduser/buildslave/unity/build/artifacts/generated/common/runtime/UnityEngineDebugBindings.gen.cpp Line: 37)

Instancing singleton LevelLoaderContainer
 
(Filename: /home/builduser/buildslave/unity/build/artifacts/generated/common/runtime/UnityEngineDebugBindings.gen.cpp Line: 37)


Unloading 2 unused Assets to reduce memory usage. Loaded Objects now: 16854.
Total: 37.838001 ms (FindLiveObjects: 2.802000 ms CreateObjectMapping: 0.874000 ms MarkObjects: 34.065998 ms  DeleteObjects: 0.086000 ms)

Start World
 
(Filename: /home/builduser/buildslave/unity/build/artifacts/generated/common/runtime/UnityEngineDebugBindings.gen.cpp Line: 37)

Loading solution from Solutions/Intro_001_solution
 
(Filename: /home/builduser/buildslave/unity/build/artifacts/generated/common/runtime/UnityEngineDebugBindings.gen.cpp Line: 37)

Preload finished
 
(Filename: /home/builduser/buildslave/unity/build/artifacts/generated/common/runtime/UnityEngineDebugBindings.gen.cpp Line: 37)

InvalidOperationException: Process has exited, so the requested information is not available.
  at System.Diagnostics.Process.get_ProcessName () [0x00000] in <filename unknown>:0 
  at (wrapper remoting-invoke-with-check) System.Diagnostics.Process:get_ProcessName ()
  at WorldBehaviourScript.Start () [0x00000] in <filename unknown>:0 
 
(Filename:  Line: -1)

Received stats and achievements from Steam

 
(Filename: /home/builduser/buildslave/unity/build/artifacts/generated/common/runtime/UnityEngineDebugBindings.gen.cpp Line: 37)

transfer closed with outstanding read data remaining
 
(Filename: /home/builduser/buildslave/unity/build/artifacts/generated/common/runtime/UnityEngineDebugBindings.gen.cpp Line: 37)

Writing latest banlist from server
 
(Filename: /home/builduser/buildslave/unity/build/artifacts/generated/common/runtime/UnityEngineDebugBindings.gen.cpp Line: 37)

error:1407742E:SSL routines:SSL23_GET_SERVER_HELLO:tlsv1 alert protocol version
 
(Filename: /home/builduser/buildslave/unity/build/artifacts/generated/common/runtime/UnityEngineDebugBindings.gen.cpp Line: 37)

Unloading 6 Unused Serialized files (Serialized files now loaded: 0)

Unloading 12 unused Assets to reduce memory usage. Loaded Objects now: 21194.
Total: 73.860001 ms (FindLiveObjects: 5.222000 ms CreateObjectMapping: 1.239000 ms MarkObjects: 67.216003 ms  DeleteObjects: 0.175000 ms)

Changing real window size to 1920 x 1080
Unloading 6 Unused Serialized files (Serialized files now loaded: 0)
UnloadTime: 24.831001 ms

Unloading 192 unused Assets to reduce memory usage. Loaded Objects now: 14119.
Total: 23.743000 ms (FindLiveObjects: 1.994000 ms CreateObjectMapping: 1.031000 ms MarkObjects: 19.628000 ms  DeleteObjects: 1.081000 ms)

Unloading 0 Unused Serialized files (Serialized files now loaded: 0)

Unloading 0 unused Assets to reduce memory usage. Loaded Objects now: 14116.
Total: 38.373001 ms (FindLiveObjects: 3.789000 ms CreateObjectMapping: 1.342000 ms MarkObjects: 33.185001 ms  DeleteObjects: 0.044000 ms)

error:1407742E:SSL routines:SSL23_GET_SERVER_HELLO:tlsv1 alert protocol version
 
(Filename: /home/builduser/buildslave/unity/build/artifacts/generated/common/runtime/UnityEngineDebugBindings.gen.cpp Line: 37)

Unloading 5 Unused Serialized files (Serialized files now loaded: 0)
UnloadTime: 5.182000 ms
Awake World
 
(Filename: /home/builduser/buildslave/unity/build/artifacts/generated/common/runtime/UnityEngineDebugBindings.gen.cpp Line: 37)

Instancing singleton LevelLoaderContainer
 
(Filename: /home/builduser/buildslave/unity/build/artifacts/generated/common/runtime/UnityEngineDebugBindings.gen.cpp Line: 37)


Unloading 273 unused Assets to reduce memory usage. Loaded Objects now: 17644.
Total: 48.214001 ms (FindLiveObjects: 2.823000 ms CreateObjectMapping: 0.849000 ms MarkObjects: 43.329998 ms  DeleteObjects: 1.203000 ms)

Start World
 
(Filename: /home/builduser/buildslave/unity/build/artifacts/generated/common/runtime/UnityEngineDebugBindings.gen.cpp Line: 37)

Preload finished
 
(Filename: /home/builduser/buildslave/unity/build/artifacts/generated/common/runtime/UnityEngineDebugBindings.gen.cpp Line: 37)

InvalidOperationException: Process has exited, so the requested information is not available.
  at System.Diagnostics.Process.get_ProcessName () [0x00000] in <filename unknown>:0 
  at (wrapper remoting-invoke-with-check) System.Diagnostics.Process:get_ProcessName ()
  at WorldBehaviourScript.Start () [0x00000] in <filename unknown>:0 
 
(Filename:  Line: -1)

Unloading 1 Unused Serialized files (Serialized files now loaded: 0)

Unloading 6 unused Assets to reduce memory usage. Loaded Objects now: 18250.
Total: 63.433998 ms (FindLiveObjects: 3.142000 ms CreateObjectMapping: 0.662000 ms MarkObjects: 59.514999 ms  DeleteObjects: 0.106000 ms)

error:1407742E:SSL routines:SSL23_GET_SERVER_HELLO:tlsv1 alert protocol version
 
(Filename: /home/builduser/buildslave/unity/build/artifacts/generated/common/runtime/UnityEngineDebugBindings.gen.cpp Line: 37)

error:1407742E:SSL routines:SSL23_GET_SERVER_HELLO:tlsv1 alert protocol version
 
(Filename: /home/builduser/buildslave/unity/build/artifacts/generated/common/runtime/UnityEngineDebugBindings.gen.cpp Line: 37)

error:1407742E:SSL routines:SSL23_GET_SERVER_HELLO:tlsv1 alert protocol version
 
(Filename: /home/builduser/buildslave/unity/build/artifacts/generated/common/runtime/UnityEngineDebugBindings.gen.cpp Line: 37)

error:1407742E:SSL routines:SSL23_GET_SERVER_HELLO:tlsv1 alert protocol version
 
(Filename: /home/builduser/buildslave/unity/build/artifacts/generated/common/runtime/UnityEngineDebugBindings.gen.cpp Line: 37)

error:1407742E:SSL routines:SSL23_GET_SERVER_HELLO:tlsv1 alert protocol version
 
(Filename: /home/builduser/buildslave/unity/build/artifacts/generated/common/runtime/UnityEngineDebugBindings.gen.cpp Line: 37)

error:1407742E:SSL routines:SSL23_GET_SERVER_HELLO:tlsv1 alert protocol version
 
(Filename: /home/builduser/buildslave/unity/build/artifacts/generated/common/runtime/UnityEngineDebugBindings.gen.cpp Line: 37)

error:1407742E:SSL routines:SSL23_GET_SERVER_HELLO:tlsv1 alert protocol version
 
(Filename: /home/builduser/buildslave/unity/build/artifacts/generated/common/runtime/UnityEngineDebugBindings.gen.cpp Line: 37)

error:1407742E:SSL routines:SSL23_GET_SERVER_HELLO:tlsv1 alert protocol version
 
(Filename: /home/builduser/buildslave/unity/build/artifacts/generated/common/runtime/UnityEngineDebugBindings.gen.cpp Line: 37)

error:1407742E:SSL routines:SSL23_GET_SERVER_HELLO:tlsv1 alert protocol version
 
(Filename: /home/builduser/buildslave/unity/build/artifacts/generated/common/runtime/UnityEngineDebugBindings.gen.cpp Line: 37)

error:1407742E:SSL routines:SSL23_GET_SERVER_HELLO:tlsv1 alert protocol version
 
(Filename: /home/builduser/buildslave/unity/build/artifacts/generated/common/runtime/UnityEngineDebugBindings.gen.cpp Line: 37)

error:1407742E:SSL routines:SSL23_GET_SERVER_HELLO:tlsv1 alert protocol version
 
(Filename: /home/builduser/buildslave/unity/build/artifacts/generated/common/runtime/UnityEngineDebugBindings.gen.cpp Line: 37)

error:1407742E:SSL routines:SSL23_GET_SERVER_HELLO:tlsv1 alert protocol version
 
(Filename: /home/builduser/buildslave/unity/build/artifacts/generated/common/runtime/UnityEngineDebugBindings.gen.cpp Line: 37)

error:1407742E:SSL routines:SSL23_GET_SERVER_HELLO:tlsv1 alert protocol version
 
(Filename: /home/builduser/buildslave/unity/build/artifacts/generated/common/runtime/UnityEngineDebugBindings.gen.cpp Line: 37)

error:1407742E:SSL routines:SSL23_GET_SERVER_HELLO:tlsv1 alert protocol version
 
(Filename: /home/builduser/buildslave/unity/build/artifacts/generated/common/runtime/UnityEngineDebugBindings.gen.cpp Line: 37)

error:1407742E:SSL routines:SSL23_GET_SERVER_HELLO:tlsv1 alert protocol version
 
(Filename: /home/builduser/buildslave/unity/build/artifacts/generated/common/runtime/UnityEngineDebugBindings.gen.cpp Line: 37)

error:1407742E:SSL routines:SSL23_GET_SERVER_HELLO:tlsv1 alert protocol version
 
(Filename: /home/builduser/buildslave/unity/build/artifacts/generated/common/runtime/UnityEngineDebugBindings.gen.cpp Line: 37)

error:1407742E:SSL routines:SSL23_GET_SERVER_HELLO:tlsv1 alert protocol version
 
(Filename: /home/builduser/buildslave/unity/build/artifacts/generated/common/runtime/UnityEngineDebugBindings.gen.cpp Line: 37)

StoreStats - success
 
(Filename: /home/builduser/buildslave/unity/build/artifacts/generated/common/runtime/UnityEngineDebugBindings.gen.cpp Line: 37)

error:1407742E:SSL routines:SSL23_GET_SERVER_HELLO:tlsv1 alert protocol version
 
(Filename: /home/builduser/buildslave/unity/build/artifacts/generated/common/runtime/UnityEngineDebugBindings.gen.cpp Line: 37)

error:1407742E:SSL routines:SSL23_GET_SERVER_HELLO:tlsv1 alert protocol version
 
(Filename: /home/builduser/buildslave/unity/build/artifacts/generated/common/runtime/UnityEngineDebugBindings.gen.cpp Line: 37)

error:1407742E:SSL routines:SSL23_GET_SERVER_HELLO:tlsv1 alert protocol version
 
(Filename: /home/builduser/buildslave/unity/build/artifacts/generated/common/runtime/UnityEngineDebugBindings.gen.cpp Line: 37)

error:1407742E:SSL routines:SSL23_GET_SERVER_HELLO:tlsv1 alert protocol version
 
(Filename: /home/builduser/buildslave/unity/build/artifacts/generated/common/runtime/UnityEngineDebugBindings.gen.cpp Line: 37)

error:1407742E:SSL routines:SSL23_GET_SERVER_HELLO:tlsv1 alert protocol version
 
(Filename: /home/builduser/buildslave/unity/build/artifacts/generated/common/runtime/UnityEngineDebugBindings.gen.cpp Line: 37)

error:1407742E:SSL routines:SSL23_GET_SERVER_HELLO:tlsv1 alert protocol version
 
(Filename: /home/builduser/buildslave/unity/build/artifacts/generated/common/runtime/UnityEngineDebugBindings.gen.cpp Line: 37)

error:1407742E:SSL routines:SSL23_GET_SERVER_HELLO:tlsv1 alert protocol version
 
(Filename: /home/builduser/buildslave/unity/build/artifacts/generated/common/runtime/UnityEngineDebugBindings.gen.cpp Line: 37)

error:1407742E:SSL routines:SSL23_GET_SERVER_HELLO:tlsv1 alert protocol version
 
(Filename: /home/builduser/buildslave/unity/build/artifacts/generated/common/runtime/UnityEngineDebugBindings.gen.cpp Line: 37)

error:1407742E:SSL routines:SSL23_GET_SERVER_HELLO:tlsv1 alert protocol version
 
(Filename: /home/builduser/buildslave/unity/build/artifacts/generated/common/runtime/UnityEngineDebugBindings.gen.cpp Line: 37)

error:1407742E:SSL routines:SSL23_GET_SERVER_HELLO:tlsv1 alert protocol version
 
(Filename: /home/builduser/buildslave/unity/build/artifacts/generated/common/runtime/UnityEngineDebugBindings.gen.cpp Line: 37)

error:1407742E:SSL routines:SSL23_GET_SERVER_HELLO:tlsv1 alert protocol version
 
(Filename: /home/builduser/buildslave/unity/build/artifacts/generated/common/runtime/UnityEngineDebugBindings.gen.cpp Line: 37)

error:1407742E:SSL routines:SSL23_GET_SERVER_HELLO:tlsv1 alert protocol version
 
(Filename: /home/builduser/buildslave/unity/build/artifacts/generated/common/runtime/UnityEngineDebugBindings.gen.cpp Line: 37)

Attempting save to savefiles/115easyelevator_B/AUTOSAVE
 
(Filename: /home/builduser/buildslave/unity/build/artifacts/generated/common/runtime/UnityEngineDebugBindings.gen.cpp Line: 37)

FileWrite(savefiles/115easyelevator_B/AUTOSAVE, Data, 852) - True
 
(Filename: /home/builduser/buildslave/unity/build/artifacts/generated/common/runtime/UnityEngineDebugBindings.gen.cpp Line: 37)

Unloading 6 Unused Serialized files (Serialized files now loaded: 0)
UnloadTime: 22.647999 ms

Unloading 194 unused Assets to reduce memory usage. Loaded Objects now: 14125.
Total: 26.462999 ms (FindLiveObjects: 1.516000 ms CreateObjectMapping: 0.486000 ms MarkObjects: 23.458000 ms  DeleteObjects: 0.994000 ms)

Unloading 0 Unused Serialized files (Serialized files now loaded: 0)

Unloading 0 unused Assets to reduce memory usage. Loaded Objects now: 14127.
Total: 40.896000 ms (FindLiveObjects: 3.721000 ms CreateObjectMapping: 0.700000 ms MarkObjects: 36.418999 ms  DeleteObjects: 0.044000 ms)

loading mainmenu
 
(Filename: /home/builduser/buildslave/unity/build/artifacts/generated/common/runtime/UnityEngineDebugBindings.gen.cpp Line: 37)

Unloading 5 Unused Serialized files (Serialized files now loaded: 0)
UnloadTime: 8.393000 ms
Awake World
 
(Filename: /home/builduser/buildslave/unity/build/artifacts/generated/common/runtime/UnityEngineDebugBindings.gen.cpp Line: 37)

Instancing singleton LevelLoaderContainer
 
(Filename: /home/builduser/buildslave/unity/build/artifacts/generated/common/runtime/UnityEngineDebugBindings.gen.cpp Line: 37)


Unloading 161 unused Assets to reduce memory usage. Loaded Objects now: 16872.
Total: 45.061001 ms (FindLiveObjects: 3.008000 ms CreateObjectMapping: 0.906000 ms MarkObjects: 39.592999 ms  DeleteObjects: 1.545000 ms)

Start World
 
(Filename: /home/builduser/buildslave/unity/build/artifacts/generated/common/runtime/UnityEngineDebugBindings.gen.cpp Line: 37)

Loading solution from Solutions/Intro_001_solution
 
(Filename: /home/builduser/buildslave/unity/build/artifacts/generated/common/runtime/UnityEngineDebugBindings.gen.cpp Line: 37)

Preload finished
 
(Filename: /home/builduser/buildslave/unity/build/artifacts/generated/common/runtime/UnityEngineDebugBindings.gen.cpp Line: 37)

InvalidOperationException: Process has exited, so the requested information is not available.
  at System.Diagnostics.Process.get_ProcessName () [0x00000] in <filename unknown>:0 
  at (wrapper remoting-invoke-with-check) System.Diagnostics.Process:get_ProcessName ()
  at WorldBehaviourScript.Start () [0x00000] in <filename unknown>:0 
 
(Filename:  Line: -1)

error:1407742E:SSL routines:SSL23_GET_SERVER_HELLO:tlsv1 alert protocol version
 
(Filename: /home/builduser/buildslave/unity/build/artifacts/generated/common/runtime/UnityEngineDebugBindings.gen.cpp Line: 37)

Unloading 6 Unused Serialized files (Serialized files now loaded: 0)

Unloading 12 unused Assets to reduce memory usage. Loaded Objects now: 21187.
Total: 59.918999 ms (FindLiveObjects: 3.422000 ms CreateObjectMapping: 1.107000 ms MarkObjects: 55.248001 ms  DeleteObjects: 0.130000 ms)

NullReferenceException
  at (wrapper managed-to-native) UnityEngine.GameObject:GetComponentFastPath (System.Type,intptr)
  at UnityEngine.GameObject.GetComponent[AudioSource] () [0x00000] in <filename unknown>:0 
  at MusicManager.TransitionToConstructionMode () [0x00000] in <filename unknown>:0 
  at MusicManager.WorldDestroyed () [0x00000] in <filename unknown>:0 
  at Messenger.Broadcast (System.String eventType) [0x00000] in <filename unknown>:0 
  at WorldBehaviourScript.OnDestroy () [0x00000] in <filename unknown>:0 
 
(Filename:  Line: -1)

